<?xml version="1.0" encoding="UTF-8"?>
<testsuite xmlns:xsi="http://www.w3.org/2001/XMLSchema-instance" xsi:noNamespaceSchemaLocation="https://maven.apache.org/surefire/maven-surefire-plugin/xsd/surefire-test-report-3.0.xsd" version="3.0" name="com.dbmcp.server.http.RequestAuthenticatorTest" time="0.081" tests="5" errors="0" skipped="0" failures="0">
  <properties>
[...]
</properties>
  <testcase name="authenticatesTrustedHeader" classname="com.dbmcp.server.http.RequestAuthenticatorTest" time="0.035"/>
  <testcase name="rejectsMissingAuthentication" classname="com.dbmcp.server.http.RequestAuthenticatorTest" time="0.002"/>
  <testcase name="authenticatesBearerTokenWithNamedPrincipal" classname="com.dbmcp.server.http.RequestAuthenticatorTest" time="0.002"/>
  <testcase name="combinedModeFallsBackToBearer" classname="com.dbmcp.server.http.RequestAuthenticatorTest" time="0.001"/>
  <testcase name="validatesBearerModeNeedsTokens" classname="com.dbmcp.server.http.RequestAuthenticatorTest" time="0.003"/>
</testsuite>